<?xml version="1.0" encoding="UTF-8"?>
<!-- Generated by org.testng.reporters.JUnitReportReporter -->
<testsuite skipped="0" hostname="mahen-PC" name="com.test.TestProperties" tests="1" failures="0" timestamp="28 Apr 2017 10:19:00 GMT" time="0.010" errors="0">
  <testcase name="testProperties" time="0.010" classname="com.test.TestProperties"/>
</testsuite> <!-- com.test.TestProperties -->
